<?xml version="1.0" encoding="UTF-8"?>
<testsuite xmlns:xsi="http://www.w3.org/2001/XMLSchema-instance" xsi:noNamespaceSchemaLocation="https://maven.apache.org/surefire/maven-surefire-plugin/xsd/surefire-test-report.xsd" name="testCases.E_ExplorePostsTests" time="13.461" tests="2" errors="0" skipped="0" failures="0">
  <properties>
[...]
</properties>
  <testcase name="TC_PP_07_UserSuccessfullyLikeComment_When_ItIsNotLikedYet" classname="testCases.E_ExplorePostsTests" time="6.622"/>
  <testcase name="TC_PP_07_UserSuccessfullyDislikeComment_When_ItIsAlreadyLiked" classname="testCases.E_ExplorePostsTests" time="6.836"/>
</testsuite>