<?xml version="1.0" encoding="UTF-8"?>
<testsuite xmlns:xsi="http://www.w3.org/2001/XMLSchema-instance" xsi:noNamespaceSchemaLocation="https://maven.apache.org/surefire/maven-surefire-plugin/xsd/surefire-test-report.xsd" name="testCases.F_FriendRequestTests" time="32.42" tests="3" errors="3" skipped="0" failures="0">
  <properties>
[...]
</properties>
  <testcase name="TC_F_02_AcceptFriendRequest" classname="testCases.F_FriendRequestTests" time="13.742">
    <error message="no such element: Unable to locate element: {&quot;method&quot;:&quot;xpath&quot;,&quot;selector&quot;:&quot;//input[@value=&apos;New Friend Requsts&apos;]&quot;}&#10;  (Session info: headless chrome=92.0.4515.131)&#10;For documentation on this error, please visit: https://selenium.dev/exceptions/#no_such_element&#10;Build info: version: &apos;4.0.0-alpha-7&apos;, revision: &apos;de8579b6d5&apos;&#10;System info: host: &apos;DESKTOP-CD9N1D0&apos;, ip: &apos;192.168.56.1&apos;, os.name: &apos;Windows 10&apos;, os.arch: &apos;amd64&apos;, os.version: &apos;10.0&apos;, java.version: &apos;11.0.10&apos;&#10;Driver info: org.openqa.selenium.chrome.ChromeDriver&#10;Capabilities {acceptInsecureCerts: false, browserName: chrome, browserVersion: 92.0.4515.131, chrome: {chromedriverVersion: 92.0.4515.107 (87a818b10553..., userDataDir: C:\Users\ValBo\AppData\Loca...}, goog:chromeOptions: {debuggerAddress: localhost:1121}, javascriptEnabled: true, networkConnectionEnabled: false, pageLoadStrategy: normal, platform: WINDOWS, platformName: WINDOWS, proxy: Proxy(), setWindowRect: true, strictFileInteractability: false, timeouts: {implicit: 0, pageLoad: 300000, script: 30000}, unhandledPromptBehavior: dismiss and notify, webauthn:extension:credBlob: true, webauthn:extension:largeBlob: true, webauthn:virtualAuthenticators: true}&#10;Session ID: b8bfa4b1e8aeb4ae939ca25f5c918270&#10;*** Element info: {Using=xpath, value=//input[@value=&apos;New Friend Requsts&apos;]}" type="org.openqa.selenium.NoSuchElementException">org.openqa.selenium.NoSuchElementException: 
no such element: Unable to locate element: {"method":"xpath","selector":"//input[@value='New Friend Requsts']"}
  (Session info: headless chrome=92.0.4515.131)
For documentation on this error, please visit: https://selenium.dev/exceptions/#no_such_element
Build info: version: '4.0.0-alpha-7', revision: 'de8579b6d5'
System info: host: 'DESKTOP-CD9N1D0', ip: '192.168.56.1', os.name: 'Windows 10', os.arch: 'amd64', os.version: '10.0', java.version: '11.0.10'
Driver info: org.openqa.selenium.chrome.ChromeDriver
Capabilities {acceptInsecureCerts: false, browserName: chrome, browserVersion: 92.0.4515.131, chrome: {chromedriverVersion: 92.0.4515.107 (87a818b10553..., userDataDir: C:\Users\ValBo\AppData\Loca...}, goog:chromeOptions: {debuggerAddress: localhost:1121}, javascriptEnabled: true, networkConnectionEnabled: false, pageLoadStrategy: normal, platform: WINDOWS, platformName: WINDOWS, proxy: Proxy(), setWindowRect: true, strictFileInteractability: false, timeouts: {implicit: 0, pageLoad: 300000, script: 30000}, unhandledPromptBehavior: dismiss and notify, webauthn:extension:credBlob: true, webauthn:extension:largeBlob: true, webauthn:virtualAuthenticators: true}
Session ID: b8bfa4b1e8aeb4ae939ca25f5c918270
*** Element info: {Using=xpath, value=//input[@value='New Friend Requsts']}
	at testCases.F_FriendRequestTests.TC_F_02_AcceptFriendRequest(F_FriendRequestTests.java:35)
</error>
    <system-out><![CDATA[2021-08-16 14:22:56,466 INFO  [main] Initializing WebDriver
2021-08-16 14:22:57,913 INFO  [main] Initializing WebDriver
2021-08-16 14:22:57,913 INFO  [main] Initializing WebDriver
2021-08-16 14:22:57,913 INFO  [main] Initializing WebDriver
2021-08-16 14:22:57,913 INFO  [main] Initializing WebDriver
2021-08-16 14:22:57,913 INFO  [main] Initializing WebDriver
2021-08-16 14:22:57,913 INFO  [main] Initializing WebDriver
2021-08-16 14:22:57,913 INFO  [main] Initializing WebDriver
2021-08-16 14:22:57,913 INFO  [main] Initializing WebDriver
2021-08-16 14:22:58,714 INFO  [main] Clicking on element mainPage.navigationBar.signInButton
2021-08-16 14:22:59,947 INFO  [main] Clicking on element signInPage.loginButton
2021-08-16 14:23:00,402 INFO  [main] Clicking on element mainPage.navigationBar.personalProfileButton
2021-08-16 14:23:09,587 INFO  [main] Quitting WebDriver
]]></system-out>
    <system-err><![CDATA[Starting ChromeDriver 92.0.4515.107 (87a818b10553a07434ea9e2b6dccf3cbe7895134-refs/branch-heads/4515@{#1634}) on port 48270
Only local connections are allowed.
Please see https://chromedriver.chromium.org/security-considerations for suggestions on keeping ChromeDriver safe.
ChromeDriver was started successfully.
авг 16, 2021 2:22:57 СЛ.ОБ. org.openqa.selenium.remote.ProtocolHandshake createSession
INFO: Detected dialect: W3C
авг 16, 2021 2:22:57 СЛ.ОБ. org.openqa.selenium.devtools.CdpVersionFinder findNearestMatch
WARNING: Unable to find an exact match for CDP version 92, so returning the closest version found: a no-op implementation
авг 16, 2021 2:22:57 СЛ.ОБ. org.openqa.selenium.devtools.CdpVersionFinder findNearestMatch
INFO: Unable to find CDP implementation matching 92.
авг 16, 2021 2:22:57 СЛ.ОБ. org.openqa.selenium.chromium.ChromiumDriver lambda$new$0
WARNING: Unable to find version of CDP to use for . You may need to include a dependency on a specific version of the CDP using something similar to `org.seleniumhq.selenium:selenium-devtools-v86:4.0.0-alpha-7` where the version ("v86") matches the version of the chromium-based browser you're using and the version number of the artifact is the same as Selenium's.
]]></system-err>
  </testcase>
  <testcase name="TC_F_03_Disconnect" classname="testCases.F_FriendRequestTests" time="9.317">
    <error message="no such element: Unable to locate element: {&quot;method&quot;:&quot;xpath&quot;,&quot;selector&quot;:&quot;//h2[@class=&apos;mr-3 text-black&apos; and text() = &quot;Dragancho Draganchev&quot;]&quot;}&#10;  (Session info: headless chrome=92.0.4515.131)&#10;For documentation on this error, please visit: https://selenium.dev/exceptions/#no_such_element&#10;Build info: version: &apos;4.0.0-alpha-7&apos;, revision: &apos;de8579b6d5&apos;&#10;System info: host: &apos;DESKTOP-CD9N1D0&apos;, ip: &apos;192.168.56.1&apos;, os.name: &apos;Windows 10&apos;, os.arch: &apos;amd64&apos;, os.version: &apos;10.0&apos;, java.version: &apos;11.0.10&apos;&#10;Driver info: org.openqa.selenium.chrome.ChromeDriver&#10;Capabilities {acceptInsecureCerts: false, browserName: chrome, browserVersion: 92.0.4515.131, chrome: {chromedriverVersion: 92.0.4515.107 (87a818b10553..., userDataDir: C:\Users\ValBo\AppData\Loca...}, goog:chromeOptions: {debuggerAddress: localhost:1156}, javascriptEnabled: true, networkConnectionEnabled: false, pageLoadStrategy: normal, platform: WINDOWS, platformName: WINDOWS, proxy: Proxy(), setWindowRect: true, strictFileInteractability: false, timeouts: {implicit: 0, pageLoad: 300000, script: 30000}, unhandledPromptBehavior: dismiss and notify, webauthn:extension:credBlob: true, webauthn:extension:largeBlob: true, webauthn:virtualAuthenticators: true}&#10;Session ID: 7d21e1e3464bb9de95e65137498c1d0f&#10;*** Element info: {Using=xpath, value=//h2[@class=&apos;mr-3 text-black&apos; and text() = &quot;Dragancho Draganchev&quot;]}" type="org.openqa.selenium.NoSuchElementException">org.openqa.selenium.NoSuchElementException: 
no such element: Unable to locate element: {"method":"xpath","selector":"//h2[@class='mr-3 text-black' and text() = "Dragancho Draganchev"]"}
  (Session info: headless chrome=92.0.4515.131)
For documentation on this error, please visit: https://selenium.dev/exceptions/#no_such_element
Build info: version: '4.0.0-alpha-7', revision: 'de8579b6d5'
System info: host: 'DESKTOP-CD9N1D0', ip: '192.168.56.1', os.name: 'Windows 10', os.arch: 'amd64', os.version: '10.0', java.version: '11.0.10'
Driver info: org.openqa.selenium.chrome.ChromeDriver
Capabilities {acceptInsecureCerts: false, browserName: chrome, browserVersion: 92.0.4515.131, chrome: {chromedriverVersion: 92.0.4515.107 (87a818b10553..., userDataDir: C:\Users\ValBo\AppData\Loca...}, goog:chromeOptions: {debuggerAddress: localhost:1156}, javascriptEnabled: true, networkConnectionEnabled: false, pageLoadStrategy: normal, platform: WINDOWS, platformName: WINDOWS, proxy: Proxy(), setWindowRect: true, strictFileInteractability: false, timeouts: {implicit: 0, pageLoad: 300000, script: 30000}, unhandledPromptBehavior: dismiss and notify, webauthn:extension:credBlob: true, webauthn:extension:largeBlob: true, webauthn:virtualAuthenticators: true}
Session ID: 7d21e1e3464bb9de95e65137498c1d0f
*** Element info: {Using=xpath, value=//h2[@class='mr-3 text-black' and text() = "Dragancho Draganchev"]}
	at testCases.F_FriendRequestTests.TC_F_03_Disconnect(F_FriendRequestTests.java:55)
</error>
    <system-out><![CDATA[2021-08-16 14:23:10,223 INFO  [main] Initializing WebDriver
2021-08-16 14:23:11,631 INFO  [main] Initializing WebDriver
2021-08-16 14:23:11,632 INFO  [main] Initializing WebDriver
2021-08-16 14:23:11,632 INFO  [main] Initializing WebDriver
2021-08-16 14:23:11,632 INFO  [main] Initializing WebDriver
2021-08-16 14:23:11,632 INFO  [main] Initializing WebDriver
2021-08-16 14:23:11,632 INFO  [main] Initializing WebDriver
2021-08-16 14:23:11,632 INFO  [main] Initializing WebDriver
2021-08-16 14:23:11,632 INFO  [main] Initializing WebDriver
2021-08-16 14:23:12,431 INFO  [main] Clicking on element mainPage.navigationBar.signInButton
2021-08-16 14:23:13,746 INFO  [main] Clicking on element signInPage.loginButton
2021-08-16 14:23:14,468 INFO  [main] Clicking on element mainPage.searchButton
2021-08-16 14:23:18,921 INFO  [main] Quitting WebDriver
]]></system-out>
    <system-err><![CDATA[Starting ChromeDriver 92.0.4515.107 (87a818b10553a07434ea9e2b6dccf3cbe7895134-refs/branch-heads/4515@{#1634}) on port 48129
Only local connections are allowed.
Please see https://chromedriver.chromium.org/security-considerations for suggestions on keeping ChromeDriver safe.
ChromeDriver was started successfully.
авг 16, 2021 2:23:11 СЛ.ОБ. org.openqa.selenium.remote.ProtocolHandshake createSession
INFO: Detected dialect: W3C
авг 16, 2021 2:23:11 СЛ.ОБ. org.openqa.selenium.devtools.CdpVersionFinder findNearestMatch
WARNING: Unable to find an exact match for CDP version 92, so returning the closest version found: a no-op implementation
авг 16, 2021 2:23:11 СЛ.ОБ. org.openqa.selenium.devtools.CdpVersionFinder findNearestMatch
INFO: Unable to find CDP implementation matching 92.
авг 16, 2021 2:23:11 СЛ.ОБ. org.openqa.selenium.chromium.ChromiumDriver lambda$new$0
WARNING: Unable to find version of CDP to use for . You may need to include a dependency on a specific version of the CDP using something similar to `org.seleniumhq.selenium:selenium-devtools-v86:4.0.0-alpha-7` where the version ("v86") matches the version of the chromium-based browser you're using and the version number of the artifact is the same as Selenium's.
]]></system-err>
  </testcase>
  <testcase name="TC_F_01_SendFriendRequest" classname="testCases.F_FriendRequestTests" time="9.356">
    <error message="no such element: Unable to locate element: {&quot;method&quot;:&quot;xpath&quot;,&quot;selector&quot;:&quot;//h2[@class=&apos;mr-3 text-black&apos; and text() = &quot;Dragancho Draganchev&quot;]&quot;}&#10;  (Session info: headless chrome=92.0.4515.131)&#10;For documentation on this error, please visit: https://selenium.dev/exceptions/#no_such_element&#10;Build info: version: &apos;4.0.0-alpha-7&apos;, revision: &apos;de8579b6d5&apos;&#10;System info: host: &apos;DESKTOP-CD9N1D0&apos;, ip: &apos;192.168.56.1&apos;, os.name: &apos;Windows 10&apos;, os.arch: &apos;amd64&apos;, os.version: &apos;10.0&apos;, java.version: &apos;11.0.10&apos;&#10;Driver info: org.openqa.selenium.chrome.ChromeDriver&#10;Capabilities {acceptInsecureCerts: false, browserName: chrome, browserVersion: 92.0.4515.131, chrome: {chromedriverVersion: 92.0.4515.107 (87a818b10553..., userDataDir: C:\Users\ValBo\AppData\Loca...}, goog:chromeOptions: {debuggerAddress: localhost:17073}, javascriptEnabled: true, networkConnectionEnabled: false, pageLoadStrategy: normal, platform: WINDOWS, platformName: WINDOWS, proxy: Proxy(), setWindowRect: true, strictFileInteractability: false, timeouts: {implicit: 0, pageLoad: 300000, script: 30000}, unhandledPromptBehavior: dismiss and notify, webauthn:extension:credBlob: true, webauthn:extension:largeBlob: true, webauthn:virtualAuthenticators: true}&#10;Session ID: 6fc0bedd2d08d17392e319394131efd2&#10;*** Element info: {Using=xpath, value=//h2[@class=&apos;mr-3 text-black&apos; and text() = &quot;Dragancho Draganchev&quot;]}" type="org.openqa.selenium.NoSuchElementException">org.openqa.selenium.NoSuchElementException: 
no such element: Unable to locate element: {"method":"xpath","selector":"//h2[@class='mr-3 text-black' and text() = "Dragancho Draganchev"]"}
  (Session info: headless chrome=92.0.4515.131)
For documentation on this error, please visit: https://selenium.dev/exceptions/#no_such_element
Build info: version: '4.0.0-alpha-7', revision: 'de8579b6d5'
System info: host: 'DESKTOP-CD9N1D0', ip: '192.168.56.1', os.name: 'Windows 10', os.arch: 'amd64', os.version: '10.0', java.version: '11.0.10'
Driver info: org.openqa.selenium.chrome.ChromeDriver
Capabilities {acceptInsecureCerts: false, browserName: chrome, browserVersion: 92.0.4515.131, chrome: {chromedriverVersion: 92.0.4515.107 (87a818b10553..., userDataDir: C:\Users\ValBo\AppData\Loca...}, goog:chromeOptions: {debuggerAddress: localhost:17073}, javascriptEnabled: true, networkConnectionEnabled: false, pageLoadStrategy: normal, platform: WINDOWS, platformName: WINDOWS, proxy: Proxy(), setWindowRect: true, strictFileInteractability: false, timeouts: {implicit: 0, pageLoad: 300000, script: 30000}, unhandledPromptBehavior: dismiss and notify, webauthn:extension:credBlob: true, webauthn:extension:largeBlob: true, webauthn:virtualAuthenticators: true}
Session ID: 6fc0bedd2d08d17392e319394131efd2
*** Element info: {Using=xpath, value=//h2[@class='mr-3 text-black' and text() = "Dragancho Draganchev"]}
	at testCases.F_FriendRequestTests.TC_F_01_SendFriendRequest(F_FriendRequestTests.java:18)
</error>
    <system-out><![CDATA[2021-08-16 14:23:19,541 INFO  [main] Initializing WebDriver
2021-08-16 14:23:20,995 INFO  [main] Initializing WebDriver
2021-08-16 14:23:20,996 INFO  [main] Initializing WebDriver
2021-08-16 14:23:20,996 INFO  [main] Initializing WebDriver
2021-08-16 14:23:20,996 INFO  [main] Initializing WebDriver
2021-08-16 14:23:20,996 INFO  [main] Initializing WebDriver
2021-08-16 14:23:20,996 INFO  [main] Initializing WebDriver
2021-08-16 14:23:20,996 INFO  [main] Initializing WebDriver
2021-08-16 14:23:20,996 INFO  [main] Initializing WebDriver
2021-08-16 14:23:21,873 INFO  [main] Clicking on element mainPage.navigationBar.signInButton
2021-08-16 14:23:23,212 INFO  [main] Clicking on element signInPage.loginButton
2021-08-16 14:23:23,808 INFO  [main] Clicking on element mainPage.searchButton
2021-08-16 14:23:28,292 INFO  [main] Quitting WebDriver
]]></system-out>
    <system-err><![CDATA[Starting ChromeDriver 92.0.4515.107 (87a818b10553a07434ea9e2b6dccf3cbe7895134-refs/branch-heads/4515@{#1634}) on port 47490
Only local connections are allowed.
Please see https://chromedriver.chromium.org/security-considerations for suggestions on keeping ChromeDriver safe.
ChromeDriver was started successfully.
авг 16, 2021 2:23:20 СЛ.ОБ. org.openqa.selenium.remote.ProtocolHandshake createSession
INFO: Detected dialect: W3C
авг 16, 2021 2:23:20 СЛ.ОБ. org.openqa.selenium.devtools.CdpVersionFinder findNearestMatch
WARNING: Unable to find an exact match for CDP version 92, so returning the closest version found: a no-op implementation
авг 16, 2021 2:23:20 СЛ.ОБ. org.openqa.selenium.devtools.CdpVersionFinder findNearestMatch
INFO: Unable to find CDP implementation matching 92.
авг 16, 2021 2:23:20 СЛ.ОБ. org.openqa.selenium.chromium.ChromiumDriver lambda$new$0
WARNING: Unable to find version of CDP to use for . You may need to include a dependency on a specific version of the CDP using something similar to `org.seleniumhq.selenium:selenium-devtools-v86:4.0.0-alpha-7` where the version ("v86") matches the version of the chromium-based browser you're using and the version number of the artifact is the same as Selenium's.
]]></system-err>
  </testcase>
</testsuite>